<?xml version="1.0" encoding="UTF-8"?>
<!-- Generated by org.testng.reporters.JUnitReportReporter -->
<testsuite hostname="DESKTOP-R8IOJLM" failures="0" tests="4" name="com.example.testng.CalculatorTest" time="0.017" errors="0" timestamp="2025-08-18T14:41:56 IST" skipped="0">
  <testcase classname="com.example.testng.CalculatorTest" name="testAddition" time="0.013"/>
  <testcase classname="com.example.testng.CalculatorTest" name="testSubtraction" time="0.001"/>
  <testcase classname="com.example.testng.CalculatorTest" name="testMultiplication" time="0.002"/>
  <testcase classname="com.example.testng.CalculatorTest" name="testDivision" time="0.001"/>
</testsuite> <!-- com.example.testng.CalculatorTest -->
