<?xml version="1.0" encoding="UTF-8"?>
<!-- Generated by org.testng.reporters.JUnitReportReporter -->
<testsuite hostname="DESKTOP-R8IOJLM" failures="0" tests="1" name="com.example2.AppTest" time="0.063" errors="0" timestamp="2025-08-18T15:26:10 IST" skipped="0">
  <testcase classname="com.example2.AppTest" name="readTableData" time="0.063"/>
</testsuite> <!-- com.example2.AppTest -->
