<?xml version="1.0" encoding="UTF-8"?>
<!-- Generated by org.testng.reporters.JUnitReportReporter -->
<testsuite hostname="DESKTOP-R8IOJLM" failures="0" tests="1" name="com.mrinal.selenium.GoogleTestWithReport" time="1.510" errors="0" timestamp="2025-08-20T17:03:04 IST" skipped="0">
  <testcase classname="com.mrinal.selenium.GoogleTestWithReport" name="openGoogle" time="1.510"/>
</testsuite> <!-- com.mrinal.selenium.GoogleTestWithReport -->
