<?xml version="1.0" encoding="UTF-8"?>
<!-- Generated by org.testng.reporters.JUnitReportReporter -->
<testsuite hostname="DESKTOP-R8IOJLM" failures="0" tests="2" name="com.example.AppTest" time="0.018" errors="0" timestamp="2025-08-18T12:14:33 IST" skipped="0">
  <testcase classname="com.example.AppTest" name="testTwo" time="0.002"/>
  <testcase classname="com.example.AppTest" name="testOne" time="0.016"/>
</testsuite> <!-- com.example.AppTest -->
